<?xml version="1.0" encoding="UTF-8"?>
<!-- Generated by org.testng.reporters.JUnitXMLReporter -->
<testsuite ignored="3" hostname="LAPTOP-NFDA3MBQ" failures="0" tests="0" time="0.415" errors="0" timestamp="2024-07-22T16:58:13 GMT+08:00">
  <testcase classname="testCases.TC1_AccountRegistrationTest" name="verify_acct_registration" time="0.0">
    <ignored/>
  </testcase> <!-- verify_acct_registration -->
  <testcase classname="testCases.TC3_LoginDataDrivenTest" name="verifyLoginDDT" time="0.0">
    <ignored/>
  </testcase> <!-- verifyLoginDDT -->
  <testcase classname="testCases.TC2_LoginTest" name="login" time="0.0">
    <ignored/>
  </testcase> <!-- login -->
</testsuite>
