<?xml version="1.0" encoding="UTF-8"?>
<!-- Generated by org.testng.reporters.JUnitXMLReporter -->
<testsuite ignored="0" hostname="LAPTOP-NFDA3MBQ" failures="0" tests="2" name="TestFirefox" time="0.23" errors="0" timestamp="2024-07-25T17:11:52 GMT+08:00">
  <testcase classname="testCases.TC1_AccountRegistrationTest" name="verify_acct_registration" time="0.0">
    <skipped/>
  </testcase> <!-- verify_acct_registration -->
  <testcase classname="testCases.TC2_LoginTest" name="login" time="0.0">
    <skipped/>
  </testcase> <!-- login -->
</testsuite> <!-- TestFirefox -->
