<?xml version="1.0" encoding="UTF-8"?>
<testsuite xmlns:xsi="http://www.w3.org/2001/XMLSchema-instance" xsi:noNamespaceSchemaLocation="https://maven.apache.org/surefire/maven-surefire-plugin/xsd/surefire-test-report.xsd" version="3.0.2" name="TestSuite" time="16.749" tests="2" errors="0" skipped="0" failures="0">
  <properties>
[...]
</properties>
  <testcase name="verify_acct_registration" classname="testCases.TC1_AccountRegistrationTest" time="9.414">
    <system-out><![CDATA[2024-07-25T09:17:08.650789800Z main DEBUG Apache Log4j Core 2.23 initializing configuration XmlConfiguration[location=C:\Users\apraj\Learning\OpenCartProject_V1.0\target\test-classes\Log4j2.xml]
2024-07-25T09:17:08.652890100Z main DEBUG PluginManager 'Core' found 131 plugins
2024-07-25T09:17:08.652890100Z main DEBUG PluginManager 'Level' found 0 plugins
2024-07-25T09:17:08.656903900Z main DEBUG Building Plugin[name=property, class=org.apache.logging.log4j.core.config.Property].
2024-07-25T09:17:08.667397400Z main DEBUG PluginManager 'TypeConverter' found 26 plugins
2024-07-25T09:17:08.671992400Z main DEBUG createProperty(name="log-path", value="./logs", Configuration(C:\Users\apraj\Learning\OpenCartProject_V1.0\target\test-classes\Log4j2.xml))
2024-07-25T09:17:08.673447400Z main DEBUG Building Plugin[name=property, class=org.apache.logging.log4j.core.config.Property].
2024-07-25T09:17:08.674525600Z main DEBUG createProperty(name="log-pattern", value="%d{yyyy-MM-dd HH:mm:ss} %-5p %c{1}:%L - %m%n", Configuration(C:\Users\apraj\Learning\OpenCartProject_V1.0\target\test-classes\Log4j2.xml))
2024-07-25T09:17:08.674525600Z main DEBUG Building Plugin[name=properties, class=org.apache.logging.log4j.core.config.PropertiesPlugin].
2024-07-25T09:17:08.676527400Z main DEBUG configureSubstitutor(={log-path=./logs, log-pattern=%d{yyyy-MM-dd HH:mm:ss} %-5p %c{1}:%L - %m%n}, Configuration(C:\Users\apraj\Learning\OpenCartProject_V1.0\target\test-classes\Log4j2.xml))
2024-07-25T09:17:08.677527500Z main DEBUG PluginManager 'Lookup' found 16 plugins
2024-07-25T09:17:08.677527500Z main DEBUG Building Plugin[name=layout, class=org.apache.logging.log4j.core.layout.PatternLayout].
2024-07-25T09:17:08.684934800Z main DEBUG PatternLayout$Builder(pattern="%d{yyyy-MM-dd HH:mm:ss} %-5p %c{1}:%L - %m%n", PatternSelector=null, Configuration(C:\Users\apraj\Learning\OpenCartProject_V1.0\target\test-classes\Log4j2.xml), Replace=null, charset="null", alwaysWriteExceptions="null", disableAnsi="null", noConsoleNoAnsi="null", header="null", footer="null")
2024-07-25T09:17:08.684934800Z main DEBUG PluginManager 'Converter' found 45 plugins
2024-07-25T09:17:08.688933600Z main DEBUG Building Plugin[name=appender, class=org.apache.logging.log4j.core.appender.ConsoleAppender].
2024-07-25T09:17:08.695770600Z main DEBUG ConsoleAppender$Builder(target="SYSTEM_OUT", follow="null", direct="null", bufferedIo="null", bufferSize="null", immediateFlush="null", ignoreExceptions="null", PatternLayout(%d{yyyy-MM-dd HH:mm:ss} %-5p %c{1}:%L - %m%n), name="Console", Configuration(C:\Users\apraj\Learning\OpenCartProject_V1.0\target\test-classes\Log4j2.xml), Filter=null, ={})
2024-07-25T09:17:08.698771600Z main DEBUG Starting OutputStreamManager SYSTEM_OUT.false.false
2024-07-25T09:17:08.698771600Z main DEBUG Building Plugin[name=layout, class=org.apache.logging.log4j.core.layout.PatternLayout].
2024-07-25T09:17:08.698771600Z main DEBUG PatternLayout$Builder(pattern="%d{yyyy-MM-dd HH:mm:ss} %-5p %c{1}:%L - %m%n", PatternSelector=null, Configuration(C:\Users\apraj\Learning\OpenCartProject_V1.0\target\test-classes\Log4j2.xml), Replace=null, charset="null", alwaysWriteExceptions="null", disableAnsi="null", noConsoleNoAnsi="null", header="null", footer="null")
2024-07-25T09:17:08.699771Z main DEBUG Building Plugin[name=TimeBasedTriggeringPolicy, class=org.apache.logging.log4j.core.appender.rolling.TimeBasedTriggeringPolicy].
2024-07-25T09:17:08.702249500Z main DEBUG TimeBasedTriggeringPolicy$Builder(interval="null", modulate="null", maxRandomDelay="null")
2024-07-25T09:17:08.702757100Z main DEBUG Building Plugin[name=SizeBasedTriggeringPolicy, class=org.apache.logging.log4j.core.appender.rolling.SizeBasedTriggeringPolicy].
2024-07-25T09:17:08.702757100Z main DEBUG createPolicy(size="2000")
2024-07-25T09:17:08.704406300Z main DEBUG Building Plugin[name=Policies, class=org.apache.logging.log4j.core.appender.rolling.CompositeTriggeringPolicy].
2024-07-25T09:17:08.705410700Z main DEBUG createPolicy(={TimeBasedTriggeringPolicy(nextRolloverMillis=0, interval=1, modulate=false), SizeBasedTriggeringPolicy(size=2000)})
2024-07-25T09:17:08.705410700Z main DEBUG Building Plugin[name=DefaultRolloverStrategy, class=org.apache.logging.log4j.core.appender.rolling.DefaultRolloverStrategy].
2024-07-25T09:17:08.706974500Z main DEBUG DefaultRolloverStrategy$Builder(max="10", min="null", fileIndex="null", compressionLevel="null", ={}, stopCustomActionsOnError="null", tempCompressedFilePattern="null", Configuration(C:\Users\apraj\Learning\OpenCartProject_V1.0\target\test-classes\Log4j2.xml))
2024-07-25T09:17:08.708286700Z main DEBUG Building Plugin[name=appender, class=org.apache.logging.log4j.core.appender.RollingFileAppender].
2024-07-25T09:17:08.710407200Z main DEBUG RollingFileAppender$Builder(fileName="./logs/automation.log", filePattern="./logs/automation-%d{MM-dd-yyyy}-%i.log", append="null", locking="null", Policies(CompositeTriggeringPolicy(policies=[TimeBasedTriggeringPolicy(nextRolloverMillis=0, interval=1, modulate=false), SizeBasedTriggeringPolicy(size=2000)])), DefaultRolloverStrategy(DefaultRolloverStrategy(min=1, max=10, useMax=true)), advertise="null", advertiseUri="null", createOnDemand="null", filePermissions="null", fileOwner="null", fileGroup="null", bufferedIo="null", bufferSize="null", immediateFlush="null", ignoreExceptions="null", PatternLayout(%d{yyyy-MM-dd HH:mm:ss} %-5p %c{1}:%L - %m%n), name="File", Configuration(C:\Users\apraj\Learning\OpenCartProject_V1.0\target\test-classes\Log4j2.xml), Filter=null, ={})
2024-07-25T09:17:08.715327800Z main DEBUG Returning file creation time for C:\Users\apraj\Learning\OpenCartProject_V1.0\.\logs\automation.log
2024-07-25T09:17:08.715327800Z main DEBUG Starting RollingFileManager ./logs/automation.log
2024-07-25T09:17:08.717328900Z main DEBUG PluginManager 'FileConverter' found 2 plugins
2024-07-25T09:17:08.719320500Z main DEBUG Setting prev file time to 2024-07-25T17:16:33.511+0800
2024-07-25T09:17:08.719320500Z main DEBUG Initializing triggering policy CompositeTriggeringPolicy(policies=[TimeBasedTriggeringPolicy(nextRolloverMillis=0, interval=1, modulate=false), SizeBasedTriggeringPolicy(size=2000)])
2024-07-25T09:17:08.719320500Z main DEBUG Initializing triggering policy TimeBasedTriggeringPolicy(nextRolloverMillis=0, interval=1, modulate=false)
2024-07-25T09:17:08.720636700Z main DEBUG Initializing triggering policy SizeBasedTriggeringPolicy(size=2000)
2024-07-25T09:17:08.720636700Z main DEBUG Building Plugin[name=appenders, class=org.apache.logging.log4j.core.config.AppendersPlugin].
2024-07-25T09:17:08.720636700Z main DEBUG createAppenders(={Console, File})
2024-07-25T09:17:08.721642500Z main DEBUG Building Plugin[name=AppenderRef, class=org.apache.logging.log4j.core.config.AppenderRef].
2024-07-25T09:17:08.721642500Z main DEBUG createAppenderRef(ref="File", level="null", Filter=null)
2024-07-25T09:17:08.722657200Z main DEBUG Building Plugin[name=root, class=org.apache.logging.log4j.core.config.LoggerConfig$RootLogger].
2024-07-25T09:17:08.723645400Z main DEBUG LoggerConfig$RootLogger$Builder(additivity="null", level="DEBUG", levelAndRefs="null", includeLocation="null", ={File}, ={}, Configuration(C:\Users\apraj\Learning\OpenCartProject_V1.0\target\test-classes\Log4j2.xml), Filter=null)
2024-07-25T09:17:08.725645900Z main DEBUG Building Plugin[name=loggers, class=org.apache.logging.log4j.core.config.LoggersPlugin].
2024-07-25T09:17:08.725645900Z main DEBUG createLoggers(={root})
2024-07-25T09:17:08.726644800Z main DEBUG Configuration XmlConfiguration[location=C:\Users\apraj\Learning\OpenCartProject_V1.0\target\test-classes\Log4j2.xml] initialized
2024-07-25T09:17:08.726644800Z main DEBUG Starting configuration XmlConfiguration[location=C:\Users\apraj\Learning\OpenCartProject_V1.0\target\test-classes\Log4j2.xml]
2024-07-25T09:17:08.726644800Z main DEBUG Started configuration XmlConfiguration[location=C:\Users\apraj\Learning\OpenCartProject_V1.0\target\test-classes\Log4j2.xml] OK.
2024-07-25T09:17:08.726644800Z main DEBUG Shutting down OutputStreamManager SYSTEM_OUT.false.false-1
2024-07-25T09:17:08.726644800Z main DEBUG OutputStream closed
2024-07-25T09:17:08.726644800Z main DEBUG Shut down OutputStreamManager SYSTEM_OUT.false.false-1, all resources released: true
2024-07-25T09:17:08.726644800Z main DEBUG Appender DefaultConsole-1 stopped with status true
2024-07-25T09:17:08.727644600Z main DEBUG Stopped org.apache.logging.log4j.core.config.DefaultConfiguration@3e6f3bae OK
2024-07-25T09:17:08.804918500Z main DEBUG Registering MBean org.apache.logging.log4j2:type=70dea4e
2024-07-25T09:17:08.807918400Z main DEBUG Registering MBean org.apache.logging.log4j2:type=70dea4e,component=StatusLogger
2024-07-25T09:17:08.808918800Z main DEBUG Registering MBean org.apache.logging.log4j2:type=70dea4e,component=ContextSelector
2024-07-25T09:17:08.809918300Z main DEBUG Registering MBean org.apache.logging.log4j2:type=70dea4e,component=Loggers,name=
2024-07-25T09:17:08.810918800Z main DEBUG Registering MBean org.apache.logging.log4j2:type=70dea4e,component=Appenders,name=Console
2024-07-25T09:17:08.810918800Z main DEBUG Registering MBean org.apache.logging.log4j2:type=70dea4e,component=Appenders,name=File
2024-07-25T09:17:08.812010900Z main DEBUG org.apache.logging.log4j.core.util.SystemClock supports precise timestamps.
2024-07-25T09:17:08.813018Z main DEBUG Reconfiguration complete for context[name=70dea4e] at URI C:\Users\apraj\Learning\OpenCartProject_V1.0\target\test-classes\Log4j2.xml (org.apache.logging.log4j.core.LoggerContext@2b61a019) with optional ClassLoader: null
2024-07-25T09:17:08.813018Z main DEBUG Shutdown hook enabled. Registering a new one.
2024-07-25T09:17:08.814025800Z main DEBUG LoggerContext[name=70dea4e, org.apache.logging.log4j.core.LoggerContext@2b61a019] started OK.
2024-07-25T09:17:08.822309800Z main DEBUG Formatting file name. useCurrentTime=false. currentFileTime=0, prevFileTime=1721836800000
2024-07-25T09:17:08.823351700Z main DEBUG Current file: ./logs/automation.log
2024-07-25T09:17:08.823351700Z main DEBUG Eligible files: {1=.\logs\automation-07-25-2024-1.log, 2=.\logs\automation-07-25-2024-2.log, 3=.\logs\automation-07-25-2024-3.log}
2024-07-25T09:17:08.823351700Z main DEBUG Formatting file name. useCurrentTime=false. currentFileTime=0, prevFileTime=1721836800000
2024-07-25T09:17:08.824451700Z main DEBUG OutputStream closed
2024-07-25T09:17:08.824451700Z main DEBUG RollingFileManager executing synchronous FileRenameAction[.\logs\automation.log to .\logs\automation-07-25-2024-4.log, renameEmptyFiles=false]
2024-07-25T09:17:08.825459Z main DEBUG Now writing to ./logs/automation.log at 2024-07-25T17:17:08.825+0800
Your Account Has Been Created!
]]></system-out>
    <system-err><![CDATA[SLF4J(W): No SLF4J providers were found.
SLF4J(W): Defaulting to no-operation (NOP) logger implementation
SLF4J(W): See https://www.slf4j.org/codes.html#noProviders for further details.
]]></system-err>
  </testcase>
  <testcase name="login" classname="testCases.TC2_LoginTest" time="2.831">
    <system-out><![CDATA[2024-07-25T09:17:22.541768700Z main DEBUG Formatting file name. useCurrentTime=false. currentFileTime=0, prevFileTime=1721836800000
2024-07-25T09:17:22.541768700Z main DEBUG Current file: ./logs/automation.log
2024-07-25T09:17:22.541768700Z main DEBUG Eligible files: {1=.\logs\automation-07-25-2024-1.log, 2=.\logs\automation-07-25-2024-2.log, 3=.\logs\automation-07-25-2024-3.log, 4=.\logs\automation-07-25-2024-4.log}
2024-07-25T09:17:22.541768700Z main DEBUG Formatting file name. useCurrentTime=false. currentFileTime=0, prevFileTime=1721836800000
2024-07-25T09:17:22.541768700Z main DEBUG OutputStream closed
2024-07-25T09:17:22.541768700Z main DEBUG RollingFileManager executing synchronous FileRenameAction[.\logs\automation.log to .\logs\automation-07-25-2024-5.log, renameEmptyFiles=false]
2024-07-25T09:17:22.541768700Z main DEBUG Now writing to ./logs/automation.log at 2024-07-25T17:17:22.541+0800
]]></system-out>
  </testcase>
</testsuite>