<?xml version="1.0" encoding="UTF-8"?>
<testng-results ignored="0" total="2" passed="2" failed="0" skipped="0">
  <reporter-output>
  </reporter-output>
  <suite started-at="2024-07-25T17:17:07 GMT+08:00" name="MasterSuite" finished-at="2024-07-25T17:17:22 GMT+08:00" duration-ms="15867">
    <groups>
      <group name="Master">
        <method signature="TC1_AccountRegistrationTest.verify_acct_registration()[pri:0, instance:testCases.TC1_AccountRegistrationTest@7cc0cdad]" name="verify_acct_registration" class="testCases.TC1_AccountRegistrationTest"/>
        <method signature="TC2_LoginTest.login()[pri:0, instance:testCases.TC2_LoginTest@48f2bd5b]" name="login" class="testCases.TC2_LoginTest"/>
      </group> <!-- Master -->
      <group name="Sanity">
        <method signature="TC2_LoginTest.login()[pri:0, instance:testCases.TC2_LoginTest@48f2bd5b]" name="login" class="testCases.TC2_LoginTest"/>
      </group> <!-- Sanity -->
      <group name="Regression">
        <method signature="TC1_AccountRegistrationTest.verify_acct_registration()[pri:0, instance:testCases.TC1_AccountRegistrationTest@7cc0cdad]" name="verify_acct_registration" class="testCases.TC1_AccountRegistrationTest"/>
      </group> <!-- Regression -->
    </groups>
    <test started-at="2024-07-25T17:17:07 GMT+08:00" name="Test" finished-at="2024-07-25T17:17:22 GMT+08:00" duration-ms="15867">
      <class name="testCases.TC1_AccountRegistrationTest">
        <test-method is-config="true" signature="setup(java.lang.String,java.lang.String)[pri:0, instance:testCases.TC1_AccountRegistrationTest@7cc0cdad]" started-at="2024-07-25T17:17:07 GMT+08:00" name="setup" finished-at="2024-07-25T17:17:09 GMT+08:00" duration-ms="1989" status="PASS">
          <params>
            <param index="0">
              <value>
                <![CDATA[windows]]>
              </value>
            </param>
            <param index="1">
              <value>
                <![CDATA[chrome]]>
              </value>
            </param>
          </params>
          <reporter-output>
          </reporter-output>
        </test-method> <!-- setup -->
        <test-method signature="verify_acct_registration()[pri:0, instance:testCases.TC1_AccountRegistrationTest@7cc0cdad]" started-at="2024-07-25T17:17:09 GMT+08:00" name="verify_acct_registration" finished-at="2024-07-25T17:17:18 GMT+08:00" duration-ms="9403" status="PASS">
          <reporter-output>
          </reporter-output>
        </test-method> <!-- verify_acct_registration -->
        <test-method is-config="true" signature="teardown()[pri:0, instance:testCases.TC1_AccountRegistrationTest@7cc0cdad]" started-at="2024-07-25T17:17:18 GMT+08:00" name="teardown" finished-at="2024-07-25T17:17:18 GMT+08:00" duration-ms="102" status="PASS">
          <reporter-output>
          </reporter-output>
        </test-method> <!-- teardown -->
      </class> <!-- testCases.TC1_AccountRegistrationTest -->
      <class name="testCases.TC2_LoginTest">
        <test-method is-config="true" signature="setup(java.lang.String,java.lang.String)[pri:0, instance:testCases.TC2_LoginTest@48f2bd5b]" started-at="2024-07-25T17:17:18 GMT+08:00" name="setup" finished-at="2024-07-25T17:17:20 GMT+08:00" duration-ms="1277" status="PASS">
          <params>
            <param index="0">
              <value>
                <![CDATA[windows]]>
              </value>
            </param>
            <param index="1">
              <value>
                <![CDATA[chrome]]>
              </value>
            </param>
          </params>
          <reporter-output>
          </reporter-output>
        </test-method> <!-- setup -->
        <test-method signature="login()[pri:0, instance:testCases.TC2_LoginTest@48f2bd5b]" started-at="2024-07-25T17:17:20 GMT+08:00" name="login" finished-at="2024-07-25T17:17:22 GMT+08:00" duration-ms="2839" status="PASS">
          <reporter-output>
          </reporter-output>
        </test-method> <!-- login -->
        <test-method is-config="true" signature="teardown()[pri:0, instance:testCases.TC2_LoginTest@48f2bd5b]" started-at="2024-07-25T17:17:22 GMT+08:00" name="teardown" finished-at="2024-07-25T17:17:22 GMT+08:00" duration-ms="73" status="PASS">
          <reporter-output>
          </reporter-output>
        </test-method> <!-- teardown -->
      </class> <!-- testCases.TC2_LoginTest -->
    </test> <!-- Test -->
  </suite> <!-- MasterSuite -->
</testng-results>
